<?xml version="1.0" encoding="UTF-8"?>
<!-- Generated by org.testng.reporters.JUnitReportReporter -->
<testsuite hostname="xmen" name="keywordtest.AllkeywordTests" tests="1" failures="0" timestamp="11 Jul 2016 13:03:32 GMT" time="18.171" errors="0">
  <testcase name="loginTest" time="18.171" classname="keywordtest.AllkeywordTests"/>
</testsuite> <!-- keywordtest.AllkeywordTests -->
